0 info it worked if it ends with ok
1 verbose cli [ '/usr/bin/nodejs',
1 verbose cli   '/usr/bin/npm',
1 verbose cli   'install',
1 verbose cli   'phantomjs-prebuilt',
1 verbose cli   'karma-phantom.js-launcher',
1 verbose cli   'karma-chrome-launcher',
1 verbose cli   '--save-dev' ]
2 info using npm@3.5.2
3 info using node@v4.2.6
4 silly loadCurrentTree Starting
5 silly install loadCurrentTree
6 silly install readLocalPackageData
7 silly fetchPackageMetaData phantomjs-prebuilt
8 silly fetchPackageMetaData karma-phantom.js-launcher
9 silly fetchPackageMetaData karma-chrome-launcher@^2.0.0
10 silly fetchNamedPackageData karma-chrome-launcher
11 silly mapToRegistry name karma-chrome-launcher
12 silly mapToRegistry using default registry
13 silly mapToRegistry registry https://registry.npmjs.org/
14 silly mapToRegistry uri https://registry.npmjs.org/karma-chrome-launcher
15 silly fetchNamedPackageData phantomjs-prebuilt
16 silly mapToRegistry name phantomjs-prebuilt
17 silly mapToRegistry using default registry
18 silly mapToRegistry registry https://registry.npmjs.org/
19 silly mapToRegistry uri https://registry.npmjs.org/phantomjs-prebuilt
20 silly fetchNamedPackageData karma-phantom.js-launcher
21 silly mapToRegistry name karma-phantom.js-launcher
22 silly mapToRegistry using default registry
23 silly mapToRegistry registry https://registry.npmjs.org/
24 silly mapToRegistry uri https://registry.npmjs.org/karma-phantom.js-launcher
25 verbose request uri https://registry.npmjs.org/karma-phantom.js-launcher
26 verbose request no auth needed
27 info attempt registry request try #1 at 11:38:36 AM
28 verbose request id 6a7e1aebd7dc631d
29 http request GET https://registry.npmjs.org/karma-phantom.js-launcher
30 verbose request uri https://registry.npmjs.org/karma-chrome-launcher
31 verbose request no auth needed
32 info attempt registry request try #1 at 11:38:36 AM
33 verbose etag "4F85C0FZBMRDOTDFPHJMQZBM8"
34 http request GET https://registry.npmjs.org/karma-chrome-launcher
35 verbose request uri https://registry.npmjs.org/phantomjs-prebuilt
36 verbose request no auth needed
37 info attempt registry request try #1 at 11:38:36 AM
38 verbose etag "48T4S9D8GOKLZH6VAY26Q95KA"
39 http request GET https://registry.npmjs.org/phantomjs-prebuilt
40 http 304 https://registry.npmjs.org/karma-chrome-launcher
41 verbose headers { date: 'Sun, 02 Oct 2016 14:38:37 GMT',
41 verbose headers   via: '1.1 varnish',
41 verbose headers   'cache-control': 'max-age=300',
41 verbose headers   etag: '"4F85C0FZBMRDOTDFPHJMQZBM8"',
41 verbose headers   age: '121',
41 verbose headers   connection: 'keep-alive',
41 verbose headers   'x-served-by': 'cache-fra1251-FRA',
41 verbose headers   'x-cache': 'HIT',
41 verbose headers   'x-cache-hits': '1',
41 verbose headers   'x-timer': 'S1475419117.902959,VS0,VE0',
41 verbose headers   vary: 'Accept-Encoding' }
42 silly get cb [ 304,
42 silly get   { date: 'Sun, 02 Oct 2016 14:38:37 GMT',
42 silly get     via: '1.1 varnish',
42 silly get     'cache-control': 'max-age=300',
42 silly get     etag: '"4F85C0FZBMRDOTDFPHJMQZBM8"',
42 silly get     age: '121',
42 silly get     connection: 'keep-alive',
42 silly get     'x-served-by': 'cache-fra1251-FRA',
42 silly get     'x-cache': 'HIT',
42 silly get     'x-cache-hits': '1',
42 silly get     'x-timer': 'S1475419117.902959,VS0,VE0',
42 silly get     vary: 'Accept-Encoding' } ]
43 verbose etag https://registry.npmjs.org/karma-chrome-launcher from cache
44 verbose get saving karma-chrome-launcher to /home/bordi/.npm/registry.npmjs.org/karma-chrome-launcher/.cache.json
45 http 304 https://registry.npmjs.org/phantomjs-prebuilt
46 verbose headers { date: 'Sun, 02 Oct 2016 14:38:37 GMT',
46 verbose headers   via: '1.1 varnish',
46 verbose headers   'cache-control': 'max-age=300',
46 verbose headers   etag: '"48T4S9D8GOKLZH6VAY26Q95KA"',
46 verbose headers   age: '122',
46 verbose headers   connection: 'keep-alive',
46 verbose headers   'x-served-by': 'cache-fra1231-FRA',
46 verbose headers   'x-cache': 'HIT',
46 verbose headers   'x-cache-hits': '1',
46 verbose headers   'x-timer': 'S1475419117.946675,VS0,VE0',
46 verbose headers   vary: 'Accept-Encoding' }
47 silly get cb [ 304,
47 silly get   { date: 'Sun, 02 Oct 2016 14:38:37 GMT',
47 silly get     via: '1.1 varnish',
47 silly get     'cache-control': 'max-age=300',
47 silly get     etag: '"48T4S9D8GOKLZH6VAY26Q95KA"',
47 silly get     age: '122',
47 silly get     connection: 'keep-alive',
47 silly get     'x-served-by': 'cache-fra1231-FRA',
47 silly get     'x-cache': 'HIT',
47 silly get     'x-cache-hits': '1',
47 silly get     'x-timer': 'S1475419117.946675,VS0,VE0',
47 silly get     vary: 'Accept-Encoding' } ]
48 verbose etag https://registry.npmjs.org/phantomjs-prebuilt from cache
49 verbose get saving phantomjs-prebuilt to /home/bordi/.npm/registry.npmjs.org/phantomjs-prebuilt/.cache.json
50 http 404 https://registry.npmjs.org/karma-phantom.js-launcher
51 verbose headers { 'content-type': 'application/json',
51 verbose headers   'cache-control': 'max-age=0',
51 verbose headers   'content-length': '2',
51 verbose headers   'accept-ranges': 'bytes',
51 verbose headers   date: 'Sun, 02 Oct 2016 14:38:38 GMT',
51 verbose headers   via: '1.1 varnish',
51 verbose headers   age: '0',
51 verbose headers   connection: 'keep-alive',
51 verbose headers   'x-served-by': 'cache-fra1235-FRA',
51 verbose headers   'x-cache': 'MISS',
51 verbose headers   'x-cache-hits': '0',
51 verbose headers   'x-timer': 'S1475419117.882611,VS0,VE725',
51 verbose headers   vary: 'Accept-Encoding' }
52 silly get cb [ 404,
52 silly get   { 'content-type': 'application/json',
52 silly get     'cache-control': 'max-age=0',
52 silly get     'content-length': '2',
52 silly get     'accept-ranges': 'bytes',
52 silly get     date: 'Sun, 02 Oct 2016 14:38:38 GMT',
52 silly get     via: '1.1 varnish',
52 silly get     age: '0',
52 silly get     connection: 'keep-alive',
52 silly get     'x-served-by': 'cache-fra1235-FRA',
52 silly get     'x-cache': 'MISS',
52 silly get     'x-cache-hits': '0',
52 silly get     'x-timer': 'S1475419117.882611,VS0,VE725',
52 silly get     vary: 'Accept-Encoding' } ]
53 silly fetchPackageMetaData Error: Registry returned 404 for GET on https://registry.npmjs.org/karma-phantom.js-launcher
53 silly fetchPackageMetaData     at makeError (/usr/share/npm/node_modules/npm-registry-client/lib/request.js:264:12)
53 silly fetchPackageMetaData     at CachingRegistryClient.<anonymous> (/usr/share/npm/node_modules/npm-registry-client/lib/request.js:242:14)
53 silly fetchPackageMetaData     at Request._callback (/usr/share/npm/node_modules/npm-registry-client/lib/request.js:172:14)
53 silly fetchPackageMetaData     at Request.self.callback (/usr/share/npm/node_modules/request/request.js:198:22)
53 silly fetchPackageMetaData     at emitTwo (events.js:87:13)
53 silly fetchPackageMetaData     at Request.emit (events.js:172:7)
53 silly fetchPackageMetaData     at Request.<anonymous> (/usr/share/npm/node_modules/request/request.js:1082:10)
53 silly fetchPackageMetaData     at emitOne (events.js:82:20)
53 silly fetchPackageMetaData     at Request.emit (events.js:169:7)
53 silly fetchPackageMetaData     at IncomingMessage.<anonymous> (/usr/share/npm/node_modules/request/request.js:1009:12)
53 silly fetchPackageMetaData  error for karma-phantom.js-launcher { [Error: Registry returned 404 for GET on https://registry.npmjs.org/karma-phantom.js-launcher]
53 silly fetchPackageMetaData   pkgid: 'karma-phantom.js-launcher',
53 silly fetchPackageMetaData   statusCode: 404,
53 silly fetchPackageMetaData   code: 'E404' }
54 silly rollbackFailedOptional Starting
55 silly rollbackFailedOptional Finishing
56 silly runTopLevelLifecycles Starting
57 silly runTopLevelLifecycles Finishing
58 silly install printInstalled
59 verbose stack Error: Registry returned 404 for GET on https://registry.npmjs.org/karma-phantom.js-launcher
59 verbose stack     at makeError (/usr/share/npm/node_modules/npm-registry-client/lib/request.js:264:12)
59 verbose stack     at CachingRegistryClient.<anonymous> (/usr/share/npm/node_modules/npm-registry-client/lib/request.js:242:14)
59 verbose stack     at Request._callback (/usr/share/npm/node_modules/npm-registry-client/lib/request.js:172:14)
59 verbose stack     at Request.self.callback (/usr/share/npm/node_modules/request/request.js:198:22)
59 verbose stack     at emitTwo (events.js:87:13)
59 verbose stack     at Request.emit (events.js:172:7)
59 verbose stack     at Request.<anonymous> (/usr/share/npm/node_modules/request/request.js:1082:10)
59 verbose stack     at emitOne (events.js:82:20)
59 verbose stack     at Request.emit (events.js:169:7)
59 verbose stack     at IncomingMessage.<anonymous> (/usr/share/npm/node_modules/request/request.js:1009:12)
60 verbose statusCode 404
61 verbose pkgid karma-phantom.js-launcher
62 verbose cwd /home/bordi/Dropbox/Projetos/conFusion
63 error Linux 4.4.0-38-generic
64 error argv "/usr/bin/nodejs" "/usr/bin/npm" "install" "phantomjs-prebuilt" "karma-phantom.js-launcher" "karma-chrome-launcher" "--save-dev"
65 error node v4.2.6
66 error npm  v3.5.2
67 error code E404
68 error 404 Registry returned 404 for GET on https://registry.npmjs.org/karma-phantom.js-launcher
69 error 404
70 error 404 'karma-phantom.js-launcher' is not in the npm registry.
71 error 404 You should bug the author to publish it (or use the name yourself!)
72 error 404 Note that you can also install from a
73 error 404 tarball, folder, http url, or git url.
74 verbose exit [ 1, true ]
